<?xml version="1.0" encoding="UTF-8"?>
<Site BuildName="(empty)"
	BuildStamp="20240610-0046-Experimental"
	Name="Kareem-PC"
	Generator="ctest-3.16.3"
	CompilerName="/usr/bin/c++"
	CompilerVersion="9.4.0"
	OSName="Linux"
	Hostname="Kareem-PC"
	OSRelease="5.15.0-107-generic"
	OSVersion="#117~20.04.1-Ubuntu SMP Tue Apr 30 10:35:57 UTC 2024"
	OSPlatform="x86_64"
	Is64Bits="1"
	VendorString="AuthenticAMD"
	VendorID="Advanced Micro Devices"
	FamilyID="23"
	ModelID="96"
	ProcessorCacheSize="512"
	NumberOfLogicalCPU="16"
	NumberOfPhysicalCPU="8"
	TotalVirtualMemory="2047"
	TotalPhysicalMemory="15400"
	LogicalProcessorsPerPhysical="2"
	ProcessorClockFrequency="2034.56"
	>
	<Testing>
		<StartDateTime>Jun 10 05:34 EEST</StartDateTime>
		<StartTestTime>1717986895</StartTestTime>
		<TestList/>
		<EndDateTime>Jun 10 05:34 EEST</EndDateTime>
		<EndTestTime>1717986895</EndTestTime>
		<ElapsedMinutes>0</ElapsedMinutes>
	</Testing>
</Site>
